<?xml version="1.0" encoding="UTF-8"?>
<testsuite xmlns:xsi="http://www.w3.org/2001/XMLSchema-instance" xsi:noNamespaceSchemaLocation="https://maven.apache.org/surefire/maven-surefire-plugin/xsd/surefire-test-report-3.0.xsd" version="3.0" name="com.example.workshops_evidence.WorkshopsEvidenceApplicationTests" time="7.661" tests="1" errors="0" skipped="0" failures="0">
  <properties>
[...]
</properties>
  <testcase name="contextLoads" classname="com.example.workshops_evidence.WorkshopsEvidenceApplicationTests" time="0.531">
    <system-out><![CDATA[13:05:10.691 [main] INFO org.springframework.test.context.support.AnnotationConfigContextLoaderUtils -- Could not detect default configuration classes for test class [com.example.workshops_evidence.WorkshopsEvidenceApplicationTests]: WorkshopsEvidenceApplicationTests does not declare any static, non-private, non-final, nested classes annotated with @Configuration.
13:05:10.815 [main] INFO org.springframework.boot.test.context.SpringBootTestContextBootstrapper -- Found @SpringBootConfiguration com.example.workshops_evidence.WorkshopsEvidenceApplication for test class com.example.workshops_evidence.WorkshopsEvidenceApplicationTests

  .   ____          _            __ _ _
 /\\ / ___'_ __ _ _(_)_ __  __ _ \ \ \ \
( ( )\___ | '_ | '_| | '_ \/ _` | \ \ \ \
 \\/  ___)| |_)| | | | | || (_| |  ) ) ) )
  '  |____| .__|_| |_|_| |_\__, | / / / /
 =========|_|==============|___/=/_/_/_/
 :: Spring Boot ::                (v3.1.2)

2025-02-11T13:05:11.462+01:00  INFO 16864 --- [           main] c.e.w.WorkshopsEvidenceApplicationTests  : Starting WorkshopsEvidenceApplicationTests using Java 23 with PID 16864 (started by User in C:\Users\User\Documents\workshops_evidence)
2025-02-11T13:05:11.464+01:00  INFO 16864 --- [           main] c.e.w.WorkshopsEvidenceApplicationTests  : No active profile set, falling back to 1 default profile: "default"
2025-02-11T13:05:12.320+01:00  INFO 16864 --- [           main] .s.d.r.c.RepositoryConfigurationDelegate : Bootstrapping Spring Data JPA repositories in DEFAULT mode.
2025-02-11T13:05:12.383+01:00  INFO 16864 --- [           main] .s.d.r.c.RepositoryConfigurationDelegate : Finished Spring Data repository scanning in 56 ms. Found 3 JPA repository interfaces.
2025-02-11T13:05:12.831+01:00  INFO 16864 --- [           main] trationDelegate$BeanPostProcessorChecker : Bean 'jpa.named-queries#0' of type [org.springframework.data.repository.config.PropertiesBasedNamedQueriesFactoryBean] is not eligible for getting processed by all BeanPostProcessors (for example: not eligible for auto-proxying)
2025-02-11T13:05:12.832+01:00  INFO 16864 --- [           main] trationDelegate$BeanPostProcessorChecker : Bean 'jpa.named-queries#0' of type [org.springframework.data.repository.core.support.PropertiesBasedNamedQueries] is not eligible for getting processed by all BeanPostProcessors (for example: not eligible for auto-proxying)
2025-02-11T13:05:12.836+01:00  INFO 16864 --- [           main] trationDelegate$BeanPostProcessorChecker : Bean 'org.springframework.boot.autoconfigure.sql.init.DataSourceInitializationConfiguration' of type [org.springframework.boot.autoconfigure.sql.init.DataSourceInitializationConfiguration] is not eligible for getting processed by all BeanPostProcessors (for example: not eligible for auto-proxying)
2025-02-11T13:05:12.837+01:00  INFO 16864 --- [           main] trationDelegate$BeanPostProcessorChecker : Bean 'org.springframework.boot.autoconfigure.jdbc.DataSourceConfiguration$Hikari' of type [org.springframework.boot.autoconfigure.jdbc.DataSourceConfiguration$Hikari] is not eligible for getting processed by all BeanPostProcessors (for example: not eligible for auto-proxying)
2025-02-11T13:05:12.862+01:00  INFO 16864 --- [           main] trationDelegate$BeanPostProcessorChecker : Bean 'spring.datasource-org.springframework.boot.autoconfigure.jdbc.DataSourceProperties' of type [org.springframework.boot.autoconfigure.jdbc.DataSourceProperties] is not eligible for getting processed by all BeanPostProcessors (for example: not eligible for auto-proxying)
2025-02-11T13:05:12.863+01:00  INFO 16864 --- [           main] trationDelegate$BeanPostProcessorChecker : Bean 'org.springframework.boot.autoconfigure.jdbc.DataSourceAutoConfiguration$PooledDataSourceConfiguration' of type [org.springframework.boot.autoconfigure.jdbc.DataSourceAutoConfiguration$PooledDataSourceConfiguration] is not eligible for getting processed by all BeanPostProcessors (for example: not eligible for auto-proxying)
2025-02-11T13:05:12.865+01:00  INFO 16864 --- [           main] trationDelegate$BeanPostProcessorChecker : Bean 'jdbcConnectionDetails' of type [org.springframework.boot.autoconfigure.jdbc.PropertiesJdbcConnectionDetails] is not eligible for getting processed by all BeanPostProcessors (for example: not eligible for auto-proxying)
2025-02-11T13:05:12.903+01:00  INFO 16864 --- [           main] trationDelegate$BeanPostProcessorChecker : Bean 'dataSource' of type [com.zaxxer.hikari.HikariDataSource] is not eligible for getting processed by all BeanPostProcessors (for example: not eligible for auto-proxying)
2025-02-11T13:05:12.908+01:00  INFO 16864 --- [           main] trationDelegate$BeanPostProcessorChecker : Bean 'spring.sql.init-org.springframework.boot.autoconfigure.sql.init.SqlInitializationProperties' of type [org.springframework.boot.autoconfigure.sql.init.SqlInitializationProperties] is not eligible for getting processed by all BeanPostProcessors (for example: not eligible for auto-proxying)
2025-02-11T13:05:12.915+01:00  INFO 16864 --- [           main] trationDelegate$BeanPostProcessorChecker : Bean 'dataSourceScriptDatabaseInitializer' of type [org.springframework.boot.autoconfigure.sql.init.SqlDataSourceScriptDatabaseInitializer] is not eligible for getting processed by all BeanPostProcessors (for example: not eligible for auto-proxying)
2025-02-11T13:05:12.921+01:00  INFO 16864 --- [           main] trationDelegate$BeanPostProcessorChecker : Bean 'spring.jpa-org.springframework.boot.autoconfigure.orm.jpa.JpaProperties' of type [org.springframework.boot.autoconfigure.orm.jpa.JpaProperties] is not eligible for getting processed by all BeanPostProcessors (for example: not eligible for auto-proxying)
2025-02-11T13:05:12.926+01:00  INFO 16864 --- [           main] trationDelegate$BeanPostProcessorChecker : Bean 'spring.jpa.hibernate-org.springframework.boot.autoconfigure.orm.jpa.HibernateProperties' of type [org.springframework.boot.autoconfigure.orm.jpa.HibernateProperties] is not eligible for getting processed by all BeanPostProcessors (for example: not eligible for auto-proxying)
2025-02-11T13:05:12.932+01:00  INFO 16864 --- [           main] trationDelegate$BeanPostProcessorChecker : Bean 'org.springframework.boot.autoconfigure.jdbc.metadata.DataSourcePoolMetadataProvidersConfiguration$HikariPoolDataSourceMetadataProviderConfiguration' of type [org.springframework.boot.autoconfigure.jdbc.metadata.DataSourcePoolMetadataProvidersConfiguration$HikariPoolDataSourceMetadataProviderConfiguration] is not eligible for getting processed by all BeanPostProcessors (for example: not eligible for auto-proxying)
2025-02-11T13:05:12.935+01:00  INFO 16864 --- [           main] trationDelegate$BeanPostProcessorChecker : Bean 'hikariPoolDataSourceMetadataProvider' of type [org.springframework.boot.autoconfigure.jdbc.metadata.DataSourcePoolMetadataProvidersConfiguration$HikariPoolDataSourceMetadataProviderConfiguration$$Lambda/0x000001513e468758] is not eligible for getting processed by all BeanPostProcessors (for example: not eligible for auto-proxying)
2025-02-11T13:05:12.940+01:00  INFO 16864 --- [           main] trationDelegate$BeanPostProcessorChecker : Bean 'org.springframework.boot.autoconfigure.orm.jpa.HibernateJpaConfiguration' of type [org.springframework.boot.autoconfigure.orm.jpa.HibernateJpaConfiguration] is not eligible for getting processed by all BeanPostProcessors (for example: not eligible for auto-proxying)
2025-02-11T13:05:12.954+01:00  INFO 16864 --- [           main] trationDelegate$BeanPostProcessorChecker : Bean 'jpaVendorAdapter' of type [org.springframework.orm.jpa.vendor.HibernateJpaVendorAdapter] is not eligible for getting processed by all BeanPostProcessors (for example: not eligible for auto-proxying)
2025-02-11T13:05:12.960+01:00  INFO 16864 --- [           main] trationDelegate$BeanPostProcessorChecker : Bean 'entityManagerFactoryBuilder' of type [org.springframework.boot.orm.jpa.EntityManagerFactoryBuilder] is not eligible for getting processed by all BeanPostProcessors (for example: not eligible for auto-proxying)
2025-02-11T13:05:12.971+01:00  INFO 16864 --- [           main] trationDelegate$BeanPostProcessorChecker : Bean 'persistenceManagedTypes' of type [org.springframework.orm.jpa.persistenceunit.SimplePersistenceManagedTypes] is not eligible for getting processed by all BeanPostProcessors (for example: not eligible for auto-proxying)
2025-02-11T13:05:13.016+01:00  INFO 16864 --- [           main] o.hibernate.jpa.internal.util.LogHelper  : HHH000204: Processing PersistenceUnitInfo [name: default]
2025-02-11T13:05:13.087+01:00  INFO 16864 --- [           main] org.hibernate.Version                    : HHH000412: Hibernate ORM core version 6.2.6.Final
2025-02-11T13:05:13.089+01:00  INFO 16864 --- [           main] org.hibernate.cfg.Environment            : HHH000406: Using bytecode reflection optimizer
2025-02-11T13:05:13.263+01:00  INFO 16864 --- [           main] o.h.b.i.BytecodeProviderInitiator        : HHH000021: Bytecode provider name : bytebuddy
2025-02-11T13:05:13.419+01:00  INFO 16864 --- [           main] o.s.o.j.p.SpringPersistenceUnitInfo      : No LoadTimeWeaver setup: ignoring JPA class transformer
2025-02-11T13:05:13.438+01:00  INFO 16864 --- [           main] com.zaxxer.hikari.HikariDataSource       : HikariPool-1 - Starting...
2025-02-11T13:05:13.822+01:00  INFO 16864 --- [           main] com.zaxxer.hikari.pool.HikariPool        : HikariPool-1 - Added connection com.mysql.cj.jdbc.ConnectionImpl@336e3be2
2025-02-11T13:05:13.834+01:00  INFO 16864 --- [           main] com.zaxxer.hikari.HikariDataSource       : HikariPool-1 - Start completed.
2025-02-11T13:05:14.512+01:00  INFO 16864 --- [           main] o.h.b.i.BytecodeProviderInitiator        : HHH000021: Bytecode provider name : bytebuddy
2025-02-11T13:05:15.409+01:00  INFO 16864 --- [           main] o.h.e.t.j.p.i.JtaPlatformInitiator       : HHH000490: Using JtaPlatform implementation: [org.hibernate.engine.transaction.jta.platform.internal.NoJtaPlatform]
2025-02-11T13:05:15.485+01:00  INFO 16864 --- [           main] j.LocalContainerEntityManagerFactoryBean : Initialized JPA EntityManagerFactory for persistence unit 'default'
2025-02-11T13:05:15.489+01:00  INFO 16864 --- [           main] trationDelegate$BeanPostProcessorChecker : Bean 'entityManagerFactory' of type [org.springframework.orm.jpa.LocalContainerEntityManagerFactoryBean] is not eligible for getting processed by all BeanPostProcessors (for example: not eligible for auto-proxying)
2025-02-11T13:05:15.489+01:00  INFO 16864 --- [           main] trationDelegate$BeanPostProcessorChecker : Bean 'entityManagerFactory' of type [jdk.proxy2.$Proxy116] is not eligible for getting processed by all BeanPostProcessors (for example: not eligible for auto-proxying)
2025-02-11T13:05:15.519+01:00  INFO 16864 --- [           main] trationDelegate$BeanPostProcessorChecker : Bean 'jpaSharedEM_entityManagerFactory' of type [jdk.proxy2.$Proxy117] is not eligible for getting processed by all BeanPostProcessors (for example: not eligible for auto-proxying)
2025-02-11T13:05:15.533+01:00  INFO 16864 --- [           main] trationDelegate$BeanPostProcessorChecker : Bean 'jpaMappingContext' of type [org.springframework.data.jpa.repository.config.JpaMetamodelMappingContextFactoryBean] is not eligible for getting processed by all BeanPostProcessors (for example: not eligible for auto-proxying)
2025-02-11T13:05:15.533+01:00  INFO 16864 --- [           main] trationDelegate$BeanPostProcessorChecker : Bean 'jpaMappingContext' of type [org.springframework.data.jpa.mapping.JpaMetamodelMappingContext] is not eligible for getting processed by all BeanPostProcessors (for example: not eligible for auto-proxying)
2025-02-11T13:05:15.848+01:00  INFO 16864 --- [           main] o.s.d.j.r.query.QueryEnhancerFactory     : Hibernate is in classpath; If applicable, HQL parser will be used.
2025-02-11T13:05:16.295+01:00  INFO 16864 --- [           main] trationDelegate$BeanPostProcessorChecker : Bean 'userInfoRepository' of type [org.springframework.data.jpa.repository.support.JpaRepositoryFactoryBean] is not eligible for getting processed by all BeanPostProcessors (for example: not eligible for auto-proxying)
2025-02-11T13:05:16.295+01:00  INFO 16864 --- [           main] trationDelegate$BeanPostProcessorChecker : Bean 'userInfoRepository' of type [jdk.proxy2.$Proxy123] is not eligible for getting processed by all BeanPostProcessors (for example: not eligible for auto-proxying)
2025-02-11T13:05:16.304+01:00  INFO 16864 --- [           main] trationDelegate$BeanPostProcessorChecker : Bean 'jwtAuthFilter' of type [com.example.workshops_evidence.Filter.JwtAuthFilter] is not eligible for getting processed by all BeanPostProcessors (for example: not eligible for auto-proxying)
2025-02-11T13:05:16.304+01:00  INFO 16864 --- [           main] trationDelegate$BeanPostProcessorChecker : Bean 'securityConfig' of type [com.example.workshops_evidence.Config.SecurityConfig$$SpringCGLIB$$0] is not eligible for getting processed by all BeanPostProcessors (for example: not eligible for auto-proxying)
2025-02-11T13:05:16.306+01:00  INFO 16864 --- [           main] trationDelegate$BeanPostProcessorChecker : Bean 'passwordEncoder' of type [org.springframework.security.crypto.bcrypt.BCryptPasswordEncoder] is not eligible for getting processed by all BeanPostProcessors (for example: not eligible for auto-proxying)
2025-02-11T13:05:16.307+01:00  INFO 16864 --- [           main] trationDelegate$BeanPostProcessorChecker : Bean 'userInfoService' of type [com.example.workshops_evidence.Service.UserInfoService] is not eligible for getting processed by all BeanPostProcessors (for example: not eligible for auto-proxying)
2025-02-11T13:05:16.312+01:00  INFO 16864 --- [           main] trationDelegate$BeanPostProcessorChecker : Bean 'jwtService' of type [com.example.workshops_evidence.Service.JwtService] is not eligible for getting processed by all BeanPostProcessors (for example: not eligible for auto-proxying)
2025-02-11T13:05:16.314+01:00  INFO 16864 --- [           main] trationDelegate$BeanPostProcessorChecker : Bean 'jwtInterceptor' of type [com.example.workshops_evidence.Service.JwtInterceptor] is not eligible for getting processed by all BeanPostProcessors (for example: not eligible for auto-proxying)
2025-02-11T13:05:16.315+01:00  INFO 16864 --- [           main] trationDelegate$BeanPostProcessorChecker : Bean 'webServiceConfig' of type [com.example.workshops_evidence.Config.WebServiceConfig$$SpringCGLIB$$0] is not eligible for getting processed by all BeanPostProcessors (for example: not eligible for auto-proxying)
2025-02-11T13:05:16.316+01:00  INFO 16864 --- [           main] trationDelegate$BeanPostProcessorChecker : Bean 'org.springframework.ws.config.annotation.DelegatingWsConfiguration' of type [org.springframework.ws.config.annotation.DelegatingWsConfiguration$$SpringCGLIB$$0] is not eligible for getting processed by all BeanPostProcessors (for example: not eligible for auto-proxying)
2025-02-11T13:05:16.350+01:00  INFO 16864 --- [           main] .w.s.a.s.AnnotationActionEndpointMapping : Supporting [WS-Addressing August 2004, WS-Addressing 1.0]
2025-02-11T13:05:16.686+01:00  WARN 16864 --- [           main] JpaBaseConfiguration$JpaWebConfiguration : spring.jpa.open-in-view is enabled by default. Therefore, database queries may be performed during view rendering. Explicitly configure spring.jpa.open-in-view to disable this warning
2025-02-11T13:05:16.814+01:00  INFO 16864 --- [           main] o.s.s.web.DefaultSecurityFilterChain     : Will secure any request with [org.springframework.security.web.session.DisableEncodeUrlFilter@26acbc9d, org.springframework.security.web.context.request.async.WebAsyncManagerIntegrationFilter@7e047d85, org.springframework.security.web.context.SecurityContextHolderFilter@97e9568, org.springframework.security.web.header.HeaderWriterFilter@1923301a, org.springframework.security.web.authentication.logout.LogoutFilter@26f50a28, com.example.workshops_evidence.Filter.JwtAuthFilter@772db1d8, org.springframework.security.web.savedrequest.RequestCacheAwareFilter@377b773c, org.springframework.security.web.servletapi.SecurityContextHolderAwareRequestFilter@18213a65, org.springframework.security.web.authentication.AnonymousAuthenticationFilter@3d306fd5, org.springframework.security.web.session.SessionManagementFilter@33a38f07, org.springframework.security.web.access.ExceptionTranslationFilter@6eaa5458, org.springframework.security.web.access.intercept.AuthorizationFilter@275ff5f8]
2025-02-11T13:05:16.848+01:00 DEBUG 16864 --- [           main] yloadRootAnnotationMethodEndpointMapping : Looking for endpoints in application context: org.springframework.web.context.support.GenericWebApplicationContext@6ad11a56, started on Tue Feb 11 13:05:11 CET 2025
2025-02-11T13:05:16.851+01:00 DEBUG 16864 --- [           main] yloadRootAnnotationMethodEndpointMapping : Mapped [{http://example.com/activities}addActivityRequest] onto endpoint [public com.example.activities.AddActivityResponse com.example.workshops_evidence.Service.ActivityEndpoint.addActivity(com.example.activities.AddActivityRequest)]
2025-02-11T13:05:16.852+01:00 DEBUG 16864 --- [           main] yloadRootAnnotationMethodEndpointMapping : Mapped [{http://example.com/activities}deleteActivityRequest] onto endpoint [public com.example.activities.DeleteActivityResponse com.example.workshops_evidence.Service.ActivityEndpoint.deleteActivity(com.example.activities.DeleteActivityRequest)]
2025-02-11T13:05:16.852+01:00 DEBUG 16864 --- [           main] yloadRootAnnotationMethodEndpointMapping : Mapped [{http://example.com/activities}getUsersForActivityRequest] onto endpoint [public com.example.activities.GetUsersForActivityResponse com.example.workshops_evidence.Service.ActivityEndpoint.getUsersForActivity(com.example.activities.GetUsersForActivityRequest)]
2025-02-11T13:05:16.853+01:00 DEBUG 16864 --- [           main] yloadRootAnnotationMethodEndpointMapping : Mapped [{http://example.com/activities}deleteWorkshopRequest] onto endpoint [public com.example.activities.DeleteWorkshopResponse com.example.workshops_evidence.Service.WorkshopEndpoint.deleteWorkshop(com.example.activities.DeleteWorkshopRequest)]
2025-02-11T13:05:16.856+01:00 DEBUG 16864 --- [           main] oapActionAnnotationMethodEndpointMapping : Looking for endpoints in application context: org.springframework.web.context.support.GenericWebApplicationContext@6ad11a56, started on Tue Feb 11 13:05:11 CET 2025
2025-02-11T13:05:16.873+01:00 DEBUG 16864 --- [           main] o.s.w.s.e.a.DefaultMethodEndpointAdapter : No MethodArgumentResolvers set, using defaults: [org.springframework.ws.server.endpoint.adapter.method.dom.DomPayloadMethodProcessor@150963fe, org.springframework.ws.server.endpoint.adapter.method.MessageContextMethodArgumentResolver@280d20fb, org.springframework.ws.server.endpoint.adapter.method.SourcePayloadMethodProcessor@20c7a91d, org.springframework.ws.server.endpoint.adapter.method.XPathParamMethodArgumentResolver@2048255a, org.springframework.ws.soap.server.endpoint.adapter.method.SoapMethodArgumentResolver@7e00a43e, org.springframework.ws.soap.server.endpoint.adapter.method.SoapHeaderElementMethodArgumentResolver@3f4b59fd, org.springframework.ws.server.endpoint.adapter.method.jaxb.XmlRootElementPayloadMethodProcessor@22599048, org.springframework.ws.server.endpoint.adapter.method.jaxb.JaxbElementPayloadMethodProcessor@435a13ac, org.springframework.ws.server.endpoint.adapter.method.StaxPayloadMethodArgumentResolver@38007ead]
2025-02-11T13:05:16.875+01:00 DEBUG 16864 --- [           main] o.s.w.s.e.a.DefaultMethodEndpointAdapter : No MethodReturnValueHandlers set, using defaults: [org.springframework.ws.server.endpoint.adapter.method.dom.DomPayloadMethodProcessor@5de15ce1, org.springframework.ws.server.endpoint.adapter.method.SourcePayloadMethodProcessor@33544cc5, org.springframework.ws.server.endpoint.adapter.method.jaxb.XmlRootElementPayloadMethodProcessor@2080ee70, org.springframework.ws.server.endpoint.adapter.method.jaxb.JaxbElementPayloadMethodProcessor@1bce19db]
2025-02-11T13:05:16.966+01:00 DEBUG 16864 --- [           main] s.w.w.w.p.InliningXsdSchemaTypesProvider : Inlining SimpleXsdSchema{http://example.com/activities}
2025-02-11T13:05:16.980+01:00 DEBUG 16864 --- [           main] o.s.w.w.w.p.DefaultMessagesProvider      : Looking for elements in schema with target namespace [http://example.com/activities]
2025-02-11T13:05:16.981+01:00 DEBUG 16864 --- [           main] o.s.w.w.w.p.DefaultMessagesProvider      : Creating message [{http://example.com/activities}addActivityRequest]
2025-02-11T13:05:16.981+01:00 DEBUG 16864 --- [           main] o.s.w.w.w.p.DefaultMessagesProvider      : Creating message [{http://example.com/activities}addActivityResponse]
2025-02-11T13:05:16.981+01:00 DEBUG 16864 --- [           main] o.s.w.w.w.p.DefaultMessagesProvider      : Creating message [{http://example.com/activities}deleteActivityRequest]
2025-02-11T13:05:16.982+01:00 DEBUG 16864 --- [           main] o.s.w.w.w.p.DefaultMessagesProvider      : Creating message [{http://example.com/activities}deleteActivityResponse]
2025-02-11T13:05:16.982+01:00 DEBUG 16864 --- [           main] o.s.w.w.w.p.DefaultMessagesProvider      : Creating message [{http://example.com/activities}deleteWorkshopRequest]
2025-02-11T13:05:16.982+01:00 DEBUG 16864 --- [           main] o.s.w.w.w.p.DefaultMessagesProvider      : Creating message [{http://example.com/activities}deleteWorkshopResponse]
2025-02-11T13:05:16.982+01:00 DEBUG 16864 --- [           main] o.s.w.w.w.p.DefaultMessagesProvider      : Creating message [{http://example.com/activities}getUsersForActivityRequest]
2025-02-11T13:05:16.982+01:00 DEBUG 16864 --- [           main] o.s.w.w.w.p.DefaultMessagesProvider      : Creating message [{http://example.com/activities}getUsersForActivityResponse]
2025-02-11T13:05:16.983+01:00 DEBUG 16864 --- [           main] o.s.w.w.w.p.SuffixBasedPortTypesProvider : Creating port type [{http://example.com/activities}ActivitiesPort]
2025-02-11T13:05:16.986+01:00 DEBUG 16864 --- [           main] o.s.w.w.w.p.SuffixBasedPortTypesProvider : Adding operation [addActivity] to port type [{http://example.com/activities}ActivitiesPort]
2025-02-11T13:05:16.987+01:00 DEBUG 16864 --- [           main] o.s.w.w.w.p.SuffixBasedPortTypesProvider : Adding operation [deleteActivity] to port type [{http://example.com/activities}ActivitiesPort]
2025-02-11T13:05:16.987+01:00 DEBUG 16864 --- [           main] o.s.w.w.w.p.SuffixBasedPortTypesProvider : Adding operation [getUsersForActivity] to port type [{http://example.com/activities}ActivitiesPort]
2025-02-11T13:05:16.987+01:00 DEBUG 16864 --- [           main] o.s.w.w.w.p.SuffixBasedPortTypesProvider : Adding operation [deleteWorkshop] to port type [{http://example.com/activities}ActivitiesPort]
2025-02-11T13:05:16.989+01:00 DEBUG 16864 --- [           main] o.s.w.w.wsdl11.provider.Soap11Provider   : Creating binding [{http://example.com/activities}ActivitiesPortSoap11]
2025-02-11T13:05:16.993+01:00 DEBUG 16864 --- [           main] o.s.w.w.wsdl11.provider.Soap11Provider   : Creating service [{http://example.com/activities}ActivitiesPortService]
2025-02-11T13:05:16.994+01:00 DEBUG 16864 --- [           main] o.s.w.w.wsdl11.provider.Soap11Provider   : Adding port [ActivitiesPortSoap11] to service [{http://example.com/activities}ActivitiesPortService]
2025-02-11T13:05:17.573+01:00  INFO 16864 --- [           main] c.e.w.WorkshopsEvidenceApplicationTests  : Started WorkshopsEvidenceApplicationTests in 6.592 seconds (process running for 7.779)
]]></system-out>
    <system-err><![CDATA[WARNING: A Java agent has been loaded dynamically (C:\Users\User\.m2\repository\net\bytebuddy\byte-buddy-agent\1.14.5\byte-buddy-agent-1.14.5.jar)
WARNING: If a serviceability tool is in use, please run with -XX:+EnableDynamicAgentLoading to hide this warning
WARNING: If a serviceability tool is not in use, please run with -Djdk.instrument.traceUsage for more information
WARNING: Dynamic loading of agents will be disallowed by default in a future release
]]></system-err>
  </testcase>
</testsuite>